<?xml version="1.0" encoding="UTF-8"?>
<testng-results skipped="0" failed="0" total="1" passed="1">
  <reporter-output>
  </reporter-output>
  <suite name="Default suite" duration-ms="39728" started-at="2020-10-25T08:28:06Z" finished-at="2020-10-25T08:28:46Z">
    <groups>
    </groups>
    <test name="Default test" duration-ms="39728" started-at="2020-10-25T08:28:06Z" finished-at="2020-10-25T08:28:46Z">
      <class name="org.testing.TestScripts.TC1">
        <test-method status="PASS" signature="befrTest()[pri:0, instance:org.testing.TestScripts.TC1@1a968a59]" name="befrTest" is-config="true" duration-ms="11266" started-at="2020-10-25T13:58:06Z" finished-at="2020-10-25T13:58:17Z">
          <reporter-output>
          </reporter-output>
        </test-method> <!-- befrTest -->
        <test-method status="PASS" signature="youtubeLogin()[pri:0, instance:org.testing.TestScripts.TC1@1a968a59]" name="youtubeLogin" duration-ms="28367" started-at="2020-10-25T13:58:17Z" finished-at="2020-10-25T13:58:46Z">
          <reporter-output>
          </reporter-output>
        </test-method> <!-- youtubeLogin -->
        <test-method status="PASS" signature="aftrTest()[pri:0, instance:org.testing.TestScripts.TC1@1a968a59]" name="aftrTest" is-config="true" duration-ms="77" started-at="2020-10-25T13:58:46Z" finished-at="2020-10-25T13:58:46Z">
          <reporter-output>
          </reporter-output>
        </test-method> <!-- aftrTest -->
      </class> <!-- org.testing.TestScripts.TC1 -->
    </test> <!-- Default test -->
  </suite> <!-- Default suite -->
</testng-results>
